<?xml version="1.0" encoding="UTF-8"?>
<!-- Generated by org.testng.reporters.JUnitReportReporter -->
<testsuite hostname="ad-resource" failures="0" tests="3" name="com.IIQQATestCases.UIConfiguration" time="57.497" errors="0" timestamp="2023-05-08T00:24:54 CDT" skipped="0">
  <testcase classname="com.IIQQATestCases.UIConfiguration" name="Navigationbarcolour" time="19.568"/>
  <system-out/>
  <testcase classname="com.IIQQATestCases.UIConfiguration" name="BrandLogo" time="17.670"/>
  <system-out/>
  <testcase classname="com.IIQQATestCases.UIConfiguration" name="productbranding" time="20.259"/>
  <system-out/>
</testsuite> <!-- com.IIQQATestCases.UIConfiguration -->
