<?xml version="1.0" encoding="UTF-8"?>
<!-- Generated by org.testng.reporters.JUnitReportReporter -->
<testsuite hostname="ad-resource" failures="0" tests="2" name="com.IIQQATestCases.Aggregation" time="103.332" errors="0" timestamp="2023-05-08T00:24:54 CDT" skipped="0">
  <testcase classname="com.IIQQATestCases.Aggregation" name="StartAggregation" time="75.659"/>
  <system-out/>
  <testcase classname="com.IIQQATestCases.Aggregation" name="aggregationStatus" time="27.673"/>
  <system-out>
    <![CDATA[welcome to Aggregation]]>
  </system-out>
</testsuite> <!-- com.IIQQATestCases.Aggregation -->
