<?xml version="1.0" encoding="UTF-8"?>
<!-- Generated by org.testng.reporters.JUnitReportReporter -->
<testsuite hostname="ad-resource" failures="0" tests="5" name="com.IIQQATestCases.SourceConfigure" time="99.582" errors="0" timestamp="2023-05-08T00:24:54 CDT" skipped="0">
  <testcase classname="com.IIQQATestCases.SourceConfigure" name="ValidatingUser" time="34.821"/>
  <system-out/>
  <testcase classname="com.IIQQATestCases.SourceConfigure" name="LandingURLAfterClickingSignOut" time="23.749"/>
  <system-out/>
  <testcase classname="com.IIQQATestCases.SourceConfigure" name="SingleSignOnWithInCorrectCredentials" time="9.529"/>
  <system-out/>
  <testcase classname="com.IIQQATestCases.SourceConfigure" name="LoginURL" time="14.857"/>
  <system-out/>
  <testcase classname="com.IIQQATestCases.SourceConfigure" name="SingleSignOnWithCorrectCredentials" time="16.626"/>
  <system-out/>
</testsuite> <!-- com.IIQQATestCases.SourceConfigure -->
