<?xml version="1.0" encoding="UTF-8"?>
<!-- Generated by org.testng.reporters.JUnitReportReporter -->
<testsuite hostname="ad-resource" failures="0" tests="6" name="com.IIQQATestCases.LogIn" time="96.209" errors="0" timestamp="2023-05-08T00:24:54 CDT" skipped="0">
  <testcase classname="com.IIQQATestCases.LogIn" name="LoginWithInValidUserAndPassword" time="18.627"/>
  <system-out/>
  <testcase classname="com.IIQQATestCases.LogIn" name="LoginwithvalidCredentials" time="27.061"/>
  <system-out/>
  <testcase classname="com.IIQQATestCases.LogIn" name="LoginWithInValidUserButWithValidPassword" time="14.691"/>
  <system-out/>
  <testcase classname="com.IIQQATestCases.LogIn" name="LoginWithValidUserAndInvalidPassword" time="18.438"/>
  <system-out/>
  <testcase classname="com.IIQQATestCases.LogIn" name="LoginWithOutUserAndPassword" time="7.597"/>
  <system-out/>
  <testcase classname="com.IIQQATestCases.LogIn" name="LoginWithInValidUserAndValidPassword" time="9.795"/>
  <system-out/>
</testsuite> <!-- com.IIQQATestCases.LogIn -->
